<?xml version="1.0" encoding="UTF-8"?>
<testsuite name="tradeTransmission.tradeTestRunner" tests="17" skipped="0" failures="0" errors="0" timestamp="2021-03-09T04:23:45" hostname="SILICUS306" time="0.081">
  <properties/>
  <testcase name="testVersionHigh()" classname="tradeTransmission.tradeTestRunner" time="0.039"/>
  <testcase name="testVersionSame()" classname="tradeTransmission.tradeTestRunner" time="0.001"/>
  <testcase name="testVersionLow()" classname="tradeTransmission.tradeTestRunner" time="0.007"/>
  <testcase name="testMaturityGreater()" classname="tradeTransmission.tradeTestRunner" time="0.001"/>
  <testcase name="testMaurityLower()" classname="tradeTransmission.tradeTestRunner" time="0.003"/>
  <testcase name="testMaturityLowerVersionSame()" classname="tradeTransmission.tradeTestRunner" time="0.001"/>
  <testcase name="testSameMaturity()" classname="tradeTransmission.tradeTestRunner" time="0.002"/>
  <testcase name="testMaturitySameVersionMaturityLow()" classname="tradeTransmission.tradeTestRunner" time="0.001"/>
  <testcase name="testVersionAndMaturityLow()" classname="tradeTransmission.tradeTestRunner" time="0.001"/>
  <testcase name="testExpiry()" classname="tradeTransmission.tradeTestRunner" time="0.0"/>
  <testcase name="test1()" classname="tradeTransmission.tradeTestRunner" time="0.001"/>
  <testcase name="test2()" classname="tradeTransmission.tradeTestRunner" time="0.001"/>
  <testcase name="test3()" classname="tradeTransmission.tradeTestRunner" time="0.001"/>
  <testcase name="test4()" classname="tradeTransmission.tradeTestRunner" time="0.001"/>
  <testcase name="testIfTradeEmpty()" classname="tradeTransmission.tradeTestRunner" time="0.003"/>
  <testcase name="testAddTrade()" classname="tradeTransmission.tradeTestRunner" time="0.002"/>
  <testcase name="testCheckVersion()" classname="tradeTransmission.tradeTestRunner" time="0.001"/>
  <system-out><![CDATA[T2 is added to the Store
T2 is added to the Store
T1 is added to the Store
T3 is added to the Store
T4 is added to the Store
Not able to add T5 in the store as maturity date is lower than current date
T6 is added to the Store
T6 is added to the Store
T7 is added to the Store
T8 is added to the Store
T9 is added to the Store
Not able to add T1 in the store as maturity date is lower than current date
T2 is added to the Store
T2 is added to the Store
T1 is added to the Store
]]></system-out>
  <system-err><![CDATA[]]></system-err>
</testsuite>
